  * [A&E (SD)](https://www.streamlive.to/view/76672/A&E-(SD))
  * [ABC (HD)](https://www.streamlive.to/view/46476/ABC-(HD))
  * [ABC (SD)](https://www.streamlive.to/view/68969/ABC-(SD))
  * [ABS CBN (HD) Philipines](https://www.streamlive.to/view/77239/ABS-CBN-(HD)-Philipines)
  * [AMC (SD)](https://www.streamlive.to/view/76666/AMC-(SD))
  * [AMC Latino (HD)](https://www.streamlive.to/view/79291/AMC-Latino-(HD))
  * [Animal Planet (SD)](https://www.streamlive.to/view/76673/Animal-Planet-(SD))
  * [BBC America (HD)](https://www.streamlive.to/view/77193/BBC-America-(HD))
  * [Bein Sport USA (SD)](https://www.streamlive.to/view/77254/Bein-Sport-USA-(SD))
  * [Big Ten Network BTN (HD)](https://www.streamlive.to/view/76730/Big-Ten-Network-BTN-(HD))
  * [Bloomberg News BNN (HD)](https://www.streamlive.to/view/76740/Bloomberg-News-BNN-(HD))
  * [BT Sports ESPN (SD)](https://www.streamlive.to/view/77256/BT-Sports-ESPN-(SD))
  * [Caracol Colombia (HD)](https://www.streamlive.to/view/76875/Caracol-Colombia-(HD))
  * [Cartoon Network (SD)](https://www.streamlive.to/view/76674/Cartoon-Network-(SD))
  * [CBS (SD)](https://www.streamlive.to/view/69956/CBS-(SD))
  * [CBS Sport Network (SD)](https://www.streamlive.to/view/76675/CBS-Sport-Network-(SD))
  * [CNN (SD)](https://www.streamlive.to/view/68967/CNN-(SD))
  * [Comedy Central (SD)](https://www.streamlive.to/view/76677/Comedy-Central-(SD))
  * [Discovery (SD)](https://www.streamlive.to/view/69110/Discovery-(SD))
  * [Disney (HD)](https://www.streamlive.to/view/38804/Disney-(HD))
  * [Disney (SD)](https://www.streamlive.to/view/76679/Disney-(SD))
  * [Disney Junior East (HD)](https://www.streamlive.to/view/76878/Disney-Junior-East-(HD))
  * [Disney Junior Pacific (HD)](https://www.streamlive.to/view/76577/Disney-Junior-Pacific-(HD))
  * [Disney Junior Pacific (SD)](https://www.streamlive.to/view/77071/Disney-Junior-Pacific-(SD))
  * [E! Entertainment Network  (SD)](https://www.streamlive.to/view/76668/E!-Entertainment-Network--(SD))
  * [ESPN (HD)](https://www.streamlive.to/view/48051/ESPN-(HD))
  * [ESPN (SD)](https://www.streamlive.to/view/69029/ESPN-(SD))
  * [ESPN 2 (SD)](https://www.streamlive.to/view/69028/ESPN-2-(SD))
  * [ESPN Deportes (HD)](https://www.streamlive.to/view/76738/ESPN-Deportes-(HD))
  * [ESPN U (HD)](https://www.streamlive.to/view/76663/ESPN-U-(HD))
  * [Food Network (SD)](https://www.streamlive.to/view/69023/Food-Network-(SD))
  * [Fox Business (SD)](https://www.streamlive.to/view/76680/Fox-Business-(SD))
  * [Fox Network (SD)](https://www.streamlive.to/view/70048/Fox-Network-(SD))
  * [Fox Network NY (HD)](https://www.streamlive.to/view/77023/Fox-Network-NY-(HD))
  * [Fox News (SD)](https://www.streamlive.to/view/68968/Fox-News-(SD))
  * [Fox Sports 1 (HD)](https://www.streamlive.to/view/71971/Fox-Sports-1-(HD))
  * [Fox Sports 1 (SD)](https://www.streamlive.to/view/76669/Fox-Sports-1-(SD))
  * [Fox Sports 2 (SD)](https://www.streamlive.to/view/76681/Fox-Sports-2-(SD))
  * [FreeForm (SD)](https://www.streamlive.to/view/76646/FreeForm-(SD))
  * [FX (SD)](https://www.streamlive.to/view/71961/FX-(SD))
  * [Golf channel (SD)](https://www.streamlive.to/view/69026/Golf-channel-(SD))
  * [Hallmark (SD)](https://www.streamlive.to/view/76683/Hallmark-(SD))
  * [HBO (SD)](https://www.streamlive.to/view/69021/HBO-(SD))
  * [HBO Latino (HD)](https://www.streamlive.to/view/79290/HBO-Latino-(HD))
  * [HGTV (SD)](https://www.streamlive.to/view/76684/HGTV-(SD))
  * [History (SD)](https://www.streamlive.to/view/76685/History-(SD))
  * [ID - Investigation Discovery (SD)](https://www.streamlive.to/view/76686/ID---Investigation-Discovery-(SD))
  * [Lifetime (SD)](https://www.streamlive.to/view/76687/Lifetime-(SD))
  * [MLB Network (SD)](https://www.streamlive.to/view/76688/MLB-Network-(SD))
  * [MSNBC (SD)](https://www.streamlive.to/view/76689/MSNBC-(SD))
  * [MTV - Music Television (SD)](https://www.streamlive.to/view/69037/MTV---Music-Television-(SD))
  * [MTV Music Television (HD)](https://www.streamlive.to/view/63376/MTV-Music-Television-(HD))
  * [National Geographic (SD)](https://www.streamlive.to/view/69018/National-Geographic-(SD))
  * [NBA TV (SD)](https://www.streamlive.to/view/76691/NBA-TV-(SD))
  * [NBC (SD)](https://www.streamlive.to/view/69116/NBC-(SD))
  * [NBC Sport Network (SD)](https://www.streamlive.to/view/71137/NBC-Sport-Network-(SD))
  * [NFL Network (SD)](https://www.streamlive.to/view/72886/NFL-Network-(SD))
  * [NFL Redzone (SD)](https://www.streamlive.to/view/76692/NFL-Redzone-(SD))
  * [Nickelodeon (HD)](https://www.streamlive.to/view/71112/Nickelodeon-(HD))
  * [OWN Oprah Winfrey Network (SD)](https://www.streamlive.to/view/76670/OWN-Oprah-Winfrey-Network-(SD))
  * [Oxygen (SD)](https://www.streamlive.to/view/76703/Oxygen-(SD))
  * [Paramount (SD)](https://www.streamlive.to/view/72735/Paramount-(SD))
  * [Science (SD)](https://www.streamlive.to/view/76693/Science-(SD))
  * [Showtime (SD)](https://www.streamlive.to/view/69036/Showtime-(SD))
  * [Sky Sport F1 (SD)](https://www.streamlive.to/view/76017/Sky-Sport-F1-(SD))
  * [Sky Sports Arena (SD)](https://www.streamlive.to/view/77259/Sky-Sports-Arena-(SD))
  * [Sky Sports Cricket (SD)](https://www.streamlive.to/view/77260/Sky-Sports-Cricket-(SD))
  * [Sky Sports F1 (SD)](https://www.streamlive.to/view/77258/Sky-Sports-F1-(SD))
  * [Sky Sports Football (SD)](https://www.streamlive.to/view/77261/Sky-Sports-Football-(SD))
  * [Sky Sports Main Event (SD)](https://www.streamlive.to/view/77262/Sky-Sports-Main-Event-(SD))
  * [Sky Sports Premier League (SD)](https://www.streamlive.to/view/77263/Sky-Sports-Premier-League-(SD))
  * [Star Sports 2 India (HD)](https://www.streamlive.to/view/76873/Star-Sports-2-India-(HD))
  * [Start Sports 1 India (HD)](https://www.streamlive.to/view/76872/Start-Sports-1-India-(HD))
  * [StarZ (SD)](https://www.streamlive.to/view/76705/StarZ-(SD))
  * [Telemundo (HD)](https://www.streamlive.to/view/76739/Telemundo-(HD))
  * [Tennis Channel (HD)](https://www.streamlive.to/view/76341/Tennis-Channel-(HD))
  * [TLC (HD)](https://www.streamlive.to/view/69109/TLC-(HD))
  * [TNT (SD)](https://www.streamlive.to/view/69020/TNT-(SD))
  * [Travel chanel (SD)](https://www.streamlive.to/view/69019/Travel-chanel-(SD))
  * [TruTV (HD)](https://www.streamlive.to/view/52755/TruTV-(HD))
  * [TruTV (SD)](https://www.streamlive.to/view/73009/TruTV-(SD))
  * [TSN 1 (SD)](https://www.streamlive.to/view/76038/TSN-1-(SD))
  * [TVland (SD)](https://www.streamlive.to/view/76697/TVland-(SD))
  * [VH1 (SD)](https://www.streamlive.to/view/76699/VH1-(SD))
  * [YES (SD)](https://www.streamlive.to/view/76701/YES-(SD))
